{
  "RSpec": {
    "coverage": {
      "/Users/Allan/projects/makersAcademy/week4/bookmark_manager/bookmark_manager-1411/spec/features/app_spec.rb": [
        1,
        null,
        1,
        1,
        1,
        1,
        1,
        null,
        null,
        null,
        null
      ],
      "/Users/Allan/projects/makersAcademy/week4/bookmark_manager/bookmark_manager-1411/spec/features/creating_links_spec.rb": [
        1,
        1,
        1,
        1,
        1,
        1,
        1,
        1,
        1,
        1,
        null,
        null
      ],
      "/Users/Allan/projects/makersAcademy/week4/bookmark_manager/bookmark_manager-1411/spec/features/tags_spec.rb": [
        1,
        1,
        1,
        1,
        1,
        1,
        1,
        1,
        null,
        null
      ]
    },
    "timestamp": 1510683815
  }
}
