{
  "RSpec": {
    "coverage": {
      "/Users/tiago/makers/week4/bookmark_manager/spec/features/app_spec.rb": [
        1,
        null,
        1,
        1,
        1,
        1,
        1,
        null,
        null,
        null,
        null
      ],
      "/Users/tiago/makers/week4/bookmark_manager/spec/features/creating_links_spec.rb": [
        1,
        1,
        1,
        1,
        1,
        1,
        1,
        null,
        null
      ]
    },
    "timestamp": 1510662857
  }
}
